#
# A fatal error has been detected by the Java Runtime Environment:
#
#  EXCEPTION_INT_OVERFLOW (0xc0000095) at pc=0x0000016ebbdb003b, pid=15560, tid=6572
#
# JRE version: OpenJDK Runtime Environment OpenLogic-OpenJDK (11.0.22+7) (build 11.0.22+7-adhoc..jdk11u)
# Java VM: OpenJDK 64-Bit Server VM OpenLogic-OpenJDK (11.0.22+7-adhoc..jdk11u, mixed mode, tiered, compressed oops, g1 gc, windows-amd64)
# Problematic frame:
# C  0x0000016ebbdb003b
#
# No core dump will be written. Minidumps are not enabled by default on client versions of Windows
#
# If you would like to submit a bug report, please visit:
#   https://techsupport.roguewave.com/
# The crash happened outside the Java Virtual Machine in native code.
# See problematic frame for where to report the bug.
#

---------------  S U M M A R Y ------------

Command Line: -Dfile.encoding=UTF-8 -Dstdout.encoding=UTF-8 -Dstderr.encoding=UTF-8 com.heslington_hustle.game.DesktopLauncher

Host: AMD Ryzen 5 3600XT 6-Core Processor            , 12 cores, 31G,  Windows 10 , 64 bit Build 19041 (10.0.19041.3636)
Time: Mon Mar  4 23:42:19 2024 GMT Standard Time elapsed time: 9.506166 seconds (0d 0h 0m 9s)

---------------  T H R E A D  ---------------

Current thread (0x0000016ebbe65000):  JavaThread "main" [_thread_in_native, id=6572, stack(0x00000054e2700000,0x00000054e2800000)]

Stack: [0x00000054e2700000,0x00000054e2800000],  sp=0x00000054e27fee20,  free space=1019k
Native frames: (J=compiled Java code, j=interpreted, Vv=VM code, C=native code)
C  0x0000016ebbdb003b

Java frames: (J=compiled Java code, j=interpreted, Vv=VM code)
J 1027  org.lwjgl.system.JNI.invokePV(JJ)V (0 bytes) @ 0x0000016ec7226594 [0x0000016ec7226540+0x0000000000000054]
J 1084 c1 org.lwjgl.glfw.GLFW.glfwSwapBuffers(J)V (21 bytes) @ 0x0000016ebfe9af44 [0x0000016ebfe9ae60+0x00000000000000e4]
j  com.badlogic.gdx.backends.lwjgl3.Lwjgl3Window.update()Z+196
j  com.badlogic.gdx.backends.lwjgl3.Lwjgl3Application.loop()V+111
j  com.badlogic.gdx.backends.lwjgl3.Lwjgl3Application.<init>(Lcom/badlogic/gdx/ApplicationListener;Lcom/badlogic/gdx/backends/lwjgl3/Lwjgl3ApplicationConfiguration;)V+269
j  com.badlogic.gdx.backends.lwjgl3.Lwjgl3Application.<init>(Lcom/badlogic/gdx/ApplicationListener;)V+9
j  com.heslington_hustle.game.DesktopLauncher.main([Ljava/lang/String;)V+10
v  ~StubRoutines::call_stub

siginfo: EXCEPTION_INT_OVERFLOW (0xc0000095)


Register to memory mapping:

RIP=0x0000016ebbdb003b points into unknown readable memory: f7 fe 7f 00 00
RAX=0x0000016ebbdb0010 points into unknown readable memory: 0x00007ffef7a00b00 | 00 0b a0 f7 fe 7f 00 00
RBX=0x000000000000016e is an unknown value
RCX=0x0000000000010000 is an unknown value
RDX=0x00000054e27fee60 is pointing into the stack for thread: 0x0000016ebbe65000
RSP=0x00000054e27fee20 is pointing into the stack for thread: 0x0000016ebbe65000
RBP=0x00000054e27fef30 is pointing into the stack for thread: 0x0000016ebbe65000
RSI=0x0000000000000140 is an unknown value
RDI=0x0000000000000d30 is an unknown value
R8 =0x0000016ee54be690 points into unknown readable memory: 0x0000000000000000 | 00 00 00 00 00 00 00 00
R9 =0x00007ffef1cb1d90 glfw.dll
R10=0x00007ffef7991380 lwjgl.dll
R11=0x00000054e27ff298 is pointing into the stack for thread: 0x0000016ebbe65000
R12=0x0 is NULL
R13=0x00000054e27ff398 is pointing into the stack for thread: 0x0000016ebbe65000
R14=0x00000054e27ff2f0 is pointing into the stack for thread: 0x0000016ebbe65000
R15=0x0000016ebbe65000 is a thread


Registers:
RAX=0x0000016ebbdb0010, RBX=0x000000000000016e, RCX=0x0000000000010000, RDX=0x00000054e27fee60
RSP=0x00000054e27fee20, RBP=0x00000054e27fef30, RSI=0x0000000000000140, RDI=0x0000000000000d30
R8 =0x0000016ee54be690, R9 =0x00007ffef1cb1d90, R10=0x00007ffef7991380, R11=0x00000054e27ff298
R12=0x0000000000000000, R13=0x00000054e27ff398, R14=0x00000054e27ff2f0, R15=0x0000016ebbe65000
RIP=0x0000016ebbdb003b, EFLAGS=0x0000000000010202

Top of Stack: (sp=0x00000054e27fee20)
0x00000054e27fee20:   fffffffffef79b54 00007ffef1cb22dc
0x00000054e27fee30:   0000000000000000 0000000000000000
0x00000054e27fee40:   000000000000c2cb 00000054e27fee38
0x00000054e27fee50:   0000000000000000 00000054e27fef90
0x00000054e27fee60:   57464c4720656815 7972617262696c20
0x00000054e27fee70:   20746f6e20736920 696c616974696e69
0x00000054e27fee80:   00007ffe0064657a 0000000000000000
0x00000054e27fee90:   0000000000000000 0000000000000000
0x00000054e27feea0:   0000000000000000 00007fff20d4a249
0x00000054e27feeb0:   00007ffeb7580f50 00000054e27fef28
0x00000054e27feec0:   0000000000000000 00000054e27fef90
0x00000054e27feed0:   00007ffeeb8fee50 ffffffffffffffff
0x00000054e27feee0:   0000000000000048 0000000000000001
0x00000054e27feef0:   0000000000000000 0000000000000000
0x00000054e27fef00:   0000000000000070 ffffffffffffffff
0x00000054e27fef10:   ffffffffffffffff 00007fff20ccec59 

Instructions: (pc=0x0000016ebbdb003b)
0x0000016ebbdaff3b:   ?? ?? ?? ?? ?? ?? ?? ?? ?? ?? ?? ?? ?? ?? ?? ??
0x0000016ebbdaff4b:   ?? ?? ?? ?? ?? ?? ?? ?? ?? ?? ?? ?? ?? ?? ?? ??
0x0000016ebbdaff5b:   ?? ?? ?? ?? ?? ?? ?? ?? ?? ?? ?? ?? ?? ?? ?? ??
0x0000016ebbdaff6b:   ?? ?? ?? ?? ?? ?? ?? ?? ?? ?? ?? ?? ?? ?? ?? ??
0x0000016ebbdaff7b:   ?? ?? ?? ?? ?? ?? ?? ?? ?? ?? ?? ?? ?? ?? ?? ??
0x0000016ebbdaff8b:   ?? ?? ?? ?? ?? ?? ?? ?? ?? ?? ?? ?? ?? ?? ?? ??
0x0000016ebbdaff9b:   ?? ?? ?? ?? ?? ?? ?? ?? ?? ?? ?? ?? ?? ?? ?? ??
0x0000016ebbdaffab:   ?? ?? ?? ?? ?? ?? ?? ?? ?? ?? ?? ?? ?? ?? ?? ??
0x0000016ebbdaffbb:   ?? ?? ?? ?? ?? ?? ?? ?? ?? ?? ?? ?? ?? ?? ?? ??
0x0000016ebbdaffcb:   ?? ?? ?? ?? ?? ?? ?? ?? ?? ?? ?? ?? ?? ?? ?? ??
0x0000016ebbdaffdb:   ?? ?? ?? ?? ?? ?? ?? ?? ?? ?? ?? ?? ?? ?? ?? ??
0x0000016ebbdaffeb:   ?? ?? ?? ?? ?? ?? ?? ?? ?? ?? ?? ?? ?? ?? ?? ??
0x0000016ebbdafffb:   ?? ?? ?? ?? ?? 00 00 00 00 00 00 00 00 41 00 00
0x0000016ebbdb000b:   00 00 00 00 00 00 0b a0 f7 fe 7f 00 00 e0 0b a0
0x0000016ebbdb001b:   f7 fe 7f 00 00 00 0f 1f 80 00 00 00 00 68 54 9b
0x0000016ebbdb002b:   f7 fe 7f 00 00 00 00 e0 bb 6e 01 00 00 c0 12 99
0x0000016ebbdb003b:   f7 fe 7f 00 00 40 00 00 00 00 00 00 00 42 00 00
0x0000016ebbdb004b:   00 00 00 00 00 f3 0f 1e fa 4c 8d 15 f5 ff ff ff
0x0000016ebbdb005b:   ff 25 07 00 00 00 0f 1f 80 00 00 00 00 68 54 9b
0x0000016ebbdb006b:   f7 fe 7f 00 00 20 00 e0 bb 6e 01 00 00 c0 12 99
0x0000016ebbdb007b:   f7 fe 7f 00 00 48 8d 2e e5 6e 01 00 00 43 00 00
0x0000016ebbdb008b:   00 00 00 00 00 f3 0f 1e fa 4c 8d 15 f5 ff ff ff
0x0000016ebbdb009b:   ff 25 07 00 00 00 0f 1f 80 00 00 00 00 68 54 9b
0x0000016ebbdb00ab:   f7 fe 7f 00 00 40 00 e0 bb 6e 01 00 00 c0 12 99
0x0000016ebbdb00bb:   f7 fe 7f 00 00 50 8d 2e e5 6e 01 00 00 43 00 00
0x0000016ebbdb00cb:   00 00 00 00 00 f3 0f 1e fa 4c 8d 15 f5 ff ff ff
0x0000016ebbdb00db:   ff 25 07 00 00 00 0f 1f 80 00 00 00 00 68 54 9b
0x0000016ebbdb00eb:   f7 fe 7f 00 00 60 00 e0 bb 6e 01 00 00 c0 12 99
0x0000016ebbdb00fb:   f7 fe 7f 00 00 58 8d 2e e5 6e 01 00 00 43 00 00
0x0000016ebbdb010b:   00 00 00 00 00 f3 0f 1e fa 4c 8d 15 f5 ff ff ff
0x0000016ebbdb011b:   ff 25 07 00 00 00 0f 1f 80 00 00 00 00 68 54 9b
0x0000016ebbdb012b:   f7 fe 7f 00 00 80 00 e0 bb 6e 01 00 00 c0 12 99 


Stack slot to memory mapping:
stack at sp + 0 slots: 0xfffffffffef79b54 is an unknown value
stack at sp + 1 slots: 0x00007ffef1cb22dc glfw.dll
stack at sp + 2 slots: 0x0 is NULL
stack at sp + 3 slots: 0x0 is NULL
stack at sp + 4 slots: 0x000000000000c2cb is an unknown value
stack at sp + 5 slots: 0x00000054e27fee38 is pointing into the stack for thread: 0x0000016ebbe65000
stack at sp + 6 slots: 0x0 is NULL
stack at sp + 7 slots: 0x00000054e27fef90 is pointing into the stack for thread: 0x0000016ebbe65000


---------------  P R O C E S S  ---------------

Threads class SMR info:
_java_thread_list=0x0000016ee58cc5c0, length=12, elements={
0x0000016ebbe65000, 0x0000016ee52a7800, 0x0000016ee52a9000, 0x0000016ee52ec000,
0x0000016ee52ee000, 0x0000016ee52ef000, 0x0000016ee52fa800, 0x0000016ee5301000,
0x0000016ee5302800, 0x0000016ee54ae800, 0x0000016ee630d800, 0x0000016ee6d2a800
}

Java Threads: ( => current thread )
=>0x0000016ebbe65000 JavaThread "main" [_thread_in_native, id=6572, stack(0x00000054e2700000,0x00000054e2800000)]
  0x0000016ee52a7800 JavaThread "Reference Handler" daemon [_thread_blocked, id=22256, stack(0x00000054e2e00000,0x00000054e2f00000)]
  0x0000016ee52a9000 JavaThread "Finalizer" daemon [_thread_blocked, id=10972, stack(0x00000054e2f00000,0x00000054e3000000)]
  0x0000016ee52ec000 JavaThread "Signal Dispatcher" daemon [_thread_blocked, id=648, stack(0x00000054e3000000,0x00000054e3100000)]
  0x0000016ee52ee000 JavaThread "Attach Listener" daemon [_thread_blocked, id=13736, stack(0x00000054e3100000,0x00000054e3200000)]
  0x0000016ee52ef000 JavaThread "Service Thread" daemon [_thread_blocked, id=21956, stack(0x00000054e3200000,0x00000054e3300000)]
  0x0000016ee52fa800 JavaThread "C2 CompilerThread0" daemon [_thread_blocked, id=8176, stack(0x00000054e3300000,0x00000054e3400000)]
  0x0000016ee5301000 JavaThread "C1 CompilerThread0" daemon [_thread_blocked, id=11568, stack(0x00000054e3400000,0x00000054e3500000)]
  0x0000016ee5302800 JavaThread "Sweeper thread" daemon [_thread_blocked, id=20764, stack(0x00000054e3500000,0x00000054e3600000)]
  0x0000016ee54ae800 JavaThread "Common-Cleaner" daemon [_thread_blocked, id=23288, stack(0x00000054e3700000,0x00000054e3800000)]
  0x0000016ee630d800 JavaThread "Thread-0" daemon [_thread_blocked, id=21660, stack(0x00000054e3f00000,0x00000054e4000000)]
  0x0000016ee6d2a800 JavaThread "LWJGL3 Timer" daemon [_thread_blocked, id=8668, stack(0x00000054e4700000,0x00000054e4800000)]

Other Threads:
  0x0000016ee52a6800 VMThread "VM Thread" [stack: 0x00000054e2d00000,0x00000054e2e00000] [id=21940]
  0x0000016ee54a6800 WatcherThread [stack: 0x00000054e3600000,0x00000054e3700000] [id=21508]
  0x0000016ebbe7d000 GCTaskThread "GC Thread#0" [stack: 0x00000054e2800000,0x00000054e2900000] [id=20932]
  0x0000016ebbefd000 ConcurrentGCThread "G1 Main Marker" [stack: 0x00000054e2900000,0x00000054e2a00000] [id=23464]
  0x0000016ebbeff800 ConcurrentGCThread "G1 Conc#0" [stack: 0x00000054e2a00000,0x00000054e2b00000] [id=22248]
  0x0000016ee4919800 ConcurrentGCThread "G1 Refine#0" [stack: 0x00000054e2b00000,0x00000054e2c00000] [id=21240]
  0x0000016ee491a800 ConcurrentGCThread "G1 Young RemSet Sampling" [stack: 0x00000054e2c00000,0x00000054e2d00000] [id=9260]

Threads with active compile tasks:

VM state:not at safepoint (normal execution)

VM Mutex/Monitor currently owned by a thread: None

Heap address: 0x0000000601000000, size: 8176 MB, Compressed Oops mode: Zero based, Oop shift amount: 3
Narrow klass base: 0x0000000800000000, Narrow klass shift: 0
Compressed class space size: 1073741824 Address: 0x0000000800000000

Heap:
 garbage-first heap   total 524288K, used 20480K [0x0000000601000000, 0x0000000800000000)
  region size 2048K, 12 young (24576K), 0 survivors (0K)
 Metaspace       used 11392K, capacity 11518K, committed 11776K, reserved 1060864K
  class space    used 920K, capacity 974K, committed 1024K, reserved 1048576K
Heap Regions: E=young(eden), S=young(survivor), O=old, HS=humongous(starts), HC=humongous(continues), CS=collection set, F=free, A=archive, TAMS=top-at-mark-start (previous, next)
|   0|0x0000000601000000, 0x0000000601000000, 0x0000000601200000|  0%| F|  |TAMS 0x0000000601000000, 0x0000000601000000| Untracked 
|   1|0x0000000601200000, 0x0000000601200000, 0x0000000601400000|  0%| F|  |TAMS 0x0000000601200000, 0x0000000601200000| Untracked 
|   2|0x0000000601400000, 0x0000000601400000, 0x0000000601600000|  0%| F|  |TAMS 0x0000000601400000, 0x0000000601400000| Untracked 
|   3|0x0000000601600000, 0x0000000601600000, 0x0000000601800000|  0%| F|  |TAMS 0x0000000601600000, 0x0000000601600000| Untracked 
|   4|0x0000000601800000, 0x0000000601800000, 0x0000000601a00000|  0%| F|  |TAMS 0x0000000601800000, 0x0000000601800000| Untracked 
|   5|0x0000000601a00000, 0x0000000601a00000, 0x0000000601c00000|  0%| F|  |TAMS 0x0000000601a00000, 0x0000000601a00000| Untracked 
|   6|0x0000000601c00000, 0x0000000601c00000, 0x0000000601e00000|  0%| F|  |TAMS 0x0000000601c00000, 0x0000000601c00000| Untracked 
|   7|0x0000000601e00000, 0x0000000601e00000, 0x0000000602000000|  0%| F|  |TAMS 0x0000000601e00000, 0x0000000601e00000| Untracked 
|   8|0x0000000602000000, 0x0000000602000000, 0x0000000602200000|  0%| F|  |TAMS 0x0000000602000000, 0x0000000602000000| Untracked 
|   9|0x0000000602200000, 0x0000000602200000, 0x0000000602400000|  0%| F|  |TAMS 0x0000000602200000, 0x0000000602200000| Untracked 
|  10|0x0000000602400000, 0x0000000602400000, 0x0000000602600000|  0%| F|  |TAMS 0x0000000602400000, 0x0000000602400000| Untracked 
|  11|0x0000000602600000, 0x0000000602600000, 0x0000000602800000|  0%| F|  |TAMS 0x0000000602600000, 0x0000000602600000| Untracked 
|  12|0x0000000602800000, 0x0000000602800000, 0x0000000602a00000|  0%| F|  |TAMS 0x0000000602800000, 0x0000000602800000| Untracked 
|  13|0x0000000602a00000, 0x0000000602a00000, 0x0000000602c00000|  0%| F|  |TAMS 0x0000000602a00000, 0x0000000602a00000| Untracked 
|  14|0x0000000602c00000, 0x0000000602c00000, 0x0000000602e00000|  0%| F|  |TAMS 0x0000000602c00000, 0x0000000602c00000| Untracked 
|  15|0x0000000602e00000, 0x0000000602e00000, 0x0000000603000000|  0%| F|  |TAMS 0x0000000602e00000, 0x0000000602e00000| Untracked 
|  16|0x0000000603000000, 0x0000000603000000, 0x0000000603200000|  0%| F|  |TAMS 0x0000000603000000, 0x0000000603000000| Untracked 
|  17|0x0000000603200000, 0x0000000603200000, 0x0000000603400000|  0%| F|  |TAMS 0x0000000603200000, 0x0000000603200000| Untracked 
|  18|0x0000000603400000, 0x0000000603400000, 0x0000000603600000|  0%| F|  |TAMS 0x0000000603400000, 0x0000000603400000| Untracked 
|  19|0x0000000603600000, 0x0000000603600000, 0x0000000603800000|  0%| F|  |TAMS 0x0000000603600000, 0x0000000603600000| Untracked 
|  20|0x0000000603800000, 0x0000000603800000, 0x0000000603a00000|  0%| F|  |TAMS 0x0000000603800000, 0x0000000603800000| Untracked 
|  21|0x0000000603a00000, 0x0000000603a00000, 0x0000000603c00000|  0%| F|  |TAMS 0x0000000603a00000, 0x0000000603a00000| Untracked 
|  22|0x0000000603c00000, 0x0000000603c00000, 0x0000000603e00000|  0%| F|  |TAMS 0x0000000603c00000, 0x0000000603c00000| Untracked 
|  23|0x0000000603e00000, 0x0000000603e00000, 0x0000000604000000|  0%| F|  |TAMS 0x0000000603e00000, 0x0000000603e00000| Untracked 
|  24|0x0000000604000000, 0x0000000604000000, 0x0000000604200000|  0%| F|  |TAMS 0x0000000604000000, 0x0000000604000000| Untracked 
|  25|0x0000000604200000, 0x0000000604200000, 0x0000000604400000|  0%| F|  |TAMS 0x0000000604200000, 0x0000000604200000| Untracked 
|  26|0x0000000604400000, 0x0000000604400000, 0x0000000604600000|  0%| F|  |TAMS 0x0000000604400000, 0x0000000604400000| Untracked 
|  27|0x0000000604600000, 0x0000000604600000, 0x0000000604800000|  0%| F|  |TAMS 0x0000000604600000, 0x0000000604600000| Untracked 
|  28|0x0000000604800000, 0x0000000604800000, 0x0000000604a00000|  0%| F|  |TAMS 0x0000000604800000, 0x0000000604800000| Untracked 
|  29|0x0000000604a00000, 0x0000000604a00000, 0x0000000604c00000|  0%| F|  |TAMS 0x0000000604a00000, 0x0000000604a00000| Untracked 
|  30|0x0000000604c00000, 0x0000000604c00000, 0x0000000604e00000|  0%| F|  |TAMS 0x0000000604c00000, 0x0000000604c00000| Untracked 
|  31|0x0000000604e00000, 0x0000000604e00000, 0x0000000605000000|  0%| F|  |TAMS 0x0000000604e00000, 0x0000000604e00000| Untracked 
|  32|0x0000000605000000, 0x0000000605000000, 0x0000000605200000|  0%| F|  |TAMS 0x0000000605000000, 0x0000000605000000| Untracked 
|  33|0x0000000605200000, 0x0000000605200000, 0x0000000605400000|  0%| F|  |TAMS 0x0000000605200000, 0x0000000605200000| Untracked 
|  34|0x0000000605400000, 0x0000000605400000, 0x0000000605600000|  0%| F|  |TAMS 0x0000000605400000, 0x0000000605400000| Untracked 
|  35|0x0000000605600000, 0x0000000605600000, 0x0000000605800000|  0%| F|  |TAMS 0x0000000605600000, 0x0000000605600000| Untracked 
|  36|0x0000000605800000, 0x0000000605800000, 0x0000000605a00000|  0%| F|  |TAMS 0x0000000605800000, 0x0000000605800000| Untracked 
|  37|0x0000000605a00000, 0x0000000605a00000, 0x0000000605c00000|  0%| F|  |TAMS 0x0000000605a00000, 0x0000000605a00000| Untracked 
|  38|0x0000000605c00000, 0x0000000605c00000, 0x0000000605e00000|  0%| F|  |TAMS 0x0000000605c00000, 0x0000000605c00000| Untracked 
|  39|0x0000000605e00000, 0x0000000605e00000, 0x0000000606000000|  0%| F|  |TAMS 0x0000000605e00000, 0x0000000605e00000| Untracked 
|  40|0x0000000606000000, 0x0000000606000000, 0x0000000606200000|  0%| F|  |TAMS 0x0000000606000000, 0x0000000606000000| Untracked 
|  41|0x0000000606200000, 0x0000000606200000, 0x0000000606400000|  0%| F|  |TAMS 0x0000000606200000, 0x0000000606200000| Untracked 
|  42|0x0000000606400000, 0x0000000606400000, 0x0000000606600000|  0%| F|  |TAMS 0x0000000606400000, 0x0000000606400000| Untracked 
|  43|0x0000000606600000, 0x0000000606600000, 0x0000000606800000|  0%| F|  |TAMS 0x0000000606600000, 0x0000000606600000| Untracked 
|  44|0x0000000606800000, 0x0000000606800000, 0x0000000606a00000|  0%| F|  |TAMS 0x0000000606800000, 0x0000000606800000| Untracked 
|  45|0x0000000606a00000, 0x0000000606a00000, 0x0000000606c00000|  0%| F|  |TAMS 0x0000000606a00000, 0x0000000606a00000| Untracked 
|  46|0x0000000606c00000, 0x0000000606c00000, 0x0000000606e00000|  0%| F|  |TAMS 0x0000000606c00000, 0x0000000606c00000| Untracked 
|  47|0x0000000606e00000, 0x0000000606e00000, 0x0000000607000000|  0%| F|  |TAMS 0x0000000606e00000, 0x0000000606e00000| Untracked 
|  48|0x0000000607000000, 0x0000000607000000, 0x0000000607200000|  0%| F|  |TAMS 0x0000000607000000, 0x0000000607000000| Untracked 
|  49|0x0000000607200000, 0x0000000607200000, 0x0000000607400000|  0%| F|  |TAMS 0x0000000607200000, 0x0000000607200000| Untracked 
|  50|0x0000000607400000, 0x0000000607400000, 0x0000000607600000|  0%| F|  |TAMS 0x0000000607400000, 0x0000000607400000| Untracked 
|  51|0x0000000607600000, 0x0000000607600000, 0x0000000607800000|  0%| F|  |TAMS 0x0000000607600000, 0x0000000607600000| Untracked 
|  52|0x0000000607800000, 0x0000000607800000, 0x0000000607a00000|  0%| F|  |TAMS 0x0000000607800000, 0x0000000607800000| Untracked 
|  53|0x0000000607a00000, 0x0000000607a00000, 0x0000000607c00000|  0%| F|  |TAMS 0x0000000607a00000, 0x0000000607a00000| Untracked 
|  54|0x0000000607c00000, 0x0000000607c00000, 0x0000000607e00000|  0%| F|  |TAMS 0x0000000607c00000, 0x0000000607c00000| Untracked 
|  55|0x0000000607e00000, 0x0000000607e00000, 0x0000000608000000|  0%| F|  |TAMS 0x0000000607e00000, 0x0000000607e00000| Untracked 
|  56|0x0000000608000000, 0x0000000608000000, 0x0000000608200000|  0%| F|  |TAMS 0x0000000608000000, 0x0000000608000000| Untracked 
|  57|0x0000000608200000, 0x0000000608200000, 0x0000000608400000|  0%| F|  |TAMS 0x0000000608200000, 0x0000000608200000| Untracked 
|  58|0x0000000608400000, 0x0000000608400000, 0x0000000608600000|  0%| F|  |TAMS 0x0000000608400000, 0x0000000608400000| Untracked 
|  59|0x0000000608600000, 0x0000000608600000, 0x0000000608800000|  0%| F|  |TAMS 0x0000000608600000, 0x0000000608600000| Untracked 
|  60|0x0000000608800000, 0x0000000608800000, 0x0000000608a00000|  0%| F|  |TAMS 0x0000000608800000, 0x0000000608800000| Untracked 
|  61|0x0000000608a00000, 0x0000000608a00000, 0x0000000608c00000|  0%| F|  |TAMS 0x0000000608a00000, 0x0000000608a00000| Untracked 
|  62|0x0000000608c00000, 0x0000000608c00000, 0x0000000608e00000|  0%| F|  |TAMS 0x0000000608c00000, 0x0000000608c00000| Untracked 
|  63|0x0000000608e00000, 0x0000000608e00000, 0x0000000609000000|  0%| F|  |TAMS 0x0000000608e00000, 0x0000000608e00000| Untracked 
|  64|0x0000000609000000, 0x0000000609000000, 0x0000000609200000|  0%| F|  |TAMS 0x0000000609000000, 0x0000000609000000| Untracked 
|  65|0x0000000609200000, 0x0000000609200000, 0x0000000609400000|  0%| F|  |TAMS 0x0000000609200000, 0x0000000609200000| Untracked 
|  66|0x0000000609400000, 0x0000000609400000, 0x0000000609600000|  0%| F|  |TAMS 0x0000000609400000, 0x0000000609400000| Untracked 
|  67|0x0000000609600000, 0x0000000609600000, 0x0000000609800000|  0%| F|  |TAMS 0x0000000609600000, 0x0000000609600000| Untracked 
|  68|0x0000000609800000, 0x0000000609800000, 0x0000000609a00000|  0%| F|  |TAMS 0x0000000609800000, 0x0000000609800000| Untracked 
|  69|0x0000000609a00000, 0x0000000609a00000, 0x0000000609c00000|  0%| F|  |TAMS 0x0000000609a00000, 0x0000000609a00000| Untracked 
|  70|0x0000000609c00000, 0x0000000609c00000, 0x0000000609e00000|  0%| F|  |TAMS 0x0000000609c00000, 0x0000000609c00000| Untracked 
|  71|0x0000000609e00000, 0x0000000609e00000, 0x000000060a000000|  0%| F|  |TAMS 0x0000000609e00000, 0x0000000609e00000| Untracked 
|  72|0x000000060a000000, 0x000000060a000000, 0x000000060a200000|  0%| F|  |TAMS 0x000000060a000000, 0x000000060a000000| Untracked 
|  73|0x000000060a200000, 0x000000060a200000, 0x000000060a400000|  0%| F|  |TAMS 0x000000060a200000, 0x000000060a200000| Untracked 
|  74|0x000000060a400000, 0x000000060a400000, 0x000000060a600000|  0%| F|  |TAMS 0x000000060a400000, 0x000000060a400000| Untracked 
|  75|0x000000060a600000, 0x000000060a600000, 0x000000060a800000|  0%| F|  |TAMS 0x000000060a600000, 0x000000060a600000| Untracked 
|  76|0x000000060a800000, 0x000000060a800000, 0x000000060aa00000|  0%| F|  |TAMS 0x000000060a800000, 0x000000060a800000| Untracked 
|  77|0x000000060aa00000, 0x000000060aa00000, 0x000000060ac00000|  0%| F|  |TAMS 0x000000060aa00000, 0x000000060aa00000| Untracked 
|  78|0x000000060ac00000, 0x000000060ac00000, 0x000000060ae00000|  0%| F|  |TAMS 0x000000060ac00000, 0x000000060ac00000| Untracked 
|  79|0x000000060ae00000, 0x000000060ae00000, 0x000000060b000000|  0%| F|  |TAMS 0x000000060ae00000, 0x000000060ae00000| Untracked 
|  80|0x000000060b000000, 0x000000060b000000, 0x000000060b200000|  0%| F|  |TAMS 0x000000060b000000, 0x000000060b000000| Untracked 
|  81|0x000000060b200000, 0x000000060b200000, 0x000000060b400000|  0%| F|  |TAMS 0x000000060b200000, 0x000000060b200000| Untracked 
|  82|0x000000060b400000, 0x000000060b400000, 0x000000060b600000|  0%| F|  |TAMS 0x000000060b400000, 0x000000060b400000| Untracked 
|  83|0x000000060b600000, 0x000000060b600000, 0x000000060b800000|  0%| F|  |TAMS 0x000000060b600000, 0x000000060b600000| Untracked 
|  84|0x000000060b800000, 0x000000060b800000, 0x000000060ba00000|  0%| F|  |TAMS 0x000000060b800000, 0x000000060b800000| Untracked 
|  85|0x000000060ba00000, 0x000000060ba00000, 0x000000060bc00000|  0%| F|  |TAMS 0x000000060ba00000, 0x000000060ba00000| Untracked 
|  86|0x000000060bc00000, 0x000000060bc00000, 0x000000060be00000|  0%| F|  |TAMS 0x000000060bc00000, 0x000000060bc00000| Untracked 
|  87|0x000000060be00000, 0x000000060be00000, 0x000000060c000000|  0%| F|  |TAMS 0x000000060be00000, 0x000000060be00000| Untracked 
|  88|0x000000060c000000, 0x000000060c000000, 0x000000060c200000|  0%| F|  |TAMS 0x000000060c000000, 0x000000060c000000| Untracked 
|  89|0x000000060c200000, 0x000000060c200000, 0x000000060c400000|  0%| F|  |TAMS 0x000000060c200000, 0x000000060c200000| Untracked 
|  90|0x000000060c400000, 0x000000060c400000, 0x000000060c600000|  0%| F|  |TAMS 0x000000060c400000, 0x000000060c400000| Untracked 
|  91|0x000000060c600000, 0x000000060c600000, 0x000000060c800000|  0%| F|  |TAMS 0x000000060c600000, 0x000000060c600000| Untracked 
|  92|0x000000060c800000, 0x000000060c800000, 0x000000060ca00000|  0%| F|  |TAMS 0x000000060c800000, 0x000000060c800000| Untracked 
|  93|0x000000060ca00000, 0x000000060ca00000, 0x000000060cc00000|  0%| F|  |TAMS 0x000000060ca00000, 0x000000060ca00000| Untracked 
|  94|0x000000060cc00000, 0x000000060cc00000, 0x000000060ce00000|  0%| F|  |TAMS 0x000000060cc00000, 0x000000060cc00000| Untracked 
|  95|0x000000060ce00000, 0x000000060ce00000, 0x000000060d000000|  0%| F|  |TAMS 0x000000060ce00000, 0x000000060ce00000| Untracked 
|  96|0x000000060d000000, 0x000000060d000000, 0x000000060d200000|  0%| F|  |TAMS 0x000000060d000000, 0x000000060d000000| Untracked 
|  97|0x000000060d200000, 0x000000060d200000, 0x000000060d400000|  0%| F|  |TAMS 0x000000060d200000, 0x000000060d200000| Untracked 
|  98|0x000000060d400000, 0x000000060d400000, 0x000000060d600000|  0%| F|  |TAMS 0x000000060d400000, 0x000000060d400000| Untracked 
|  99|0x000000060d600000, 0x000000060d600000, 0x000000060d800000|  0%| F|  |TAMS 0x000000060d600000, 0x000000060d600000| Untracked 
| 100|0x000000060d800000, 0x000000060d800000, 0x000000060da00000|  0%| F|  |TAMS 0x000000060d800000, 0x000000060d800000| Untracked 
| 101|0x000000060da00000, 0x000000060da00000, 0x000000060dc00000|  0%| F|  |TAMS 0x000000060da00000, 0x000000060da00000| Untracked 
| 102|0x000000060dc00000, 0x000000060dc00000, 0x000000060de00000|  0%| F|  |TAMS 0x000000060dc00000, 0x000000060dc00000| Untracked 
| 103|0x000000060de00000, 0x000000060de00000, 0x000000060e000000|  0%| F|  |TAMS 0x000000060de00000, 0x000000060de00000| Untracked 
| 104|0x000000060e000000, 0x000000060e000000, 0x000000060e200000|  0%| F|  |TAMS 0x000000060e000000, 0x000000060e000000| Untracked 
| 105|0x000000060e200000, 0x000000060e200000, 0x000000060e400000|  0%| F|  |TAMS 0x000000060e200000, 0x000000060e200000| Untracked 
| 106|0x000000060e400000, 0x000000060e400000, 0x000000060e600000|  0%| F|  |TAMS 0x000000060e400000, 0x000000060e400000| Untracked 
| 107|0x000000060e600000, 0x000000060e600000, 0x000000060e800000|  0%| F|  |TAMS 0x000000060e600000, 0x000000060e600000| Untracked 
| 108|0x000000060e800000, 0x000000060e800000, 0x000000060ea00000|  0%| F|  |TAMS 0x000000060e800000, 0x000000060e800000| Untracked 
| 109|0x000000060ea00000, 0x000000060ea00000, 0x000000060ec00000|  0%| F|  |TAMS 0x000000060ea00000, 0x000000060ea00000| Untracked 
| 110|0x000000060ec00000, 0x000000060ec00000, 0x000000060ee00000|  0%| F|  |TAMS 0x000000060ec00000, 0x000000060ec00000| Untracked 
| 111|0x000000060ee00000, 0x000000060ee00000, 0x000000060f000000|  0%| F|  |TAMS 0x000000060ee00000, 0x000000060ee00000| Untracked 
| 112|0x000000060f000000, 0x000000060f000000, 0x000000060f200000|  0%| F|  |TAMS 0x000000060f000000, 0x000000060f000000| Untracked 
| 113|0x000000060f200000, 0x000000060f200000, 0x000000060f400000|  0%| F|  |TAMS 0x000000060f200000, 0x000000060f200000| Untracked 
| 114|0x000000060f400000, 0x000000060f400000, 0x000000060f600000|  0%| F|  |TAMS 0x000000060f400000, 0x000000060f400000| Untracked 
| 115|0x000000060f600000, 0x000000060f600000, 0x000000060f800000|  0%| F|  |TAMS 0x000000060f600000, 0x000000060f600000| Untracked 
| 116|0x000000060f800000, 0x000000060f800000, 0x000000060fa00000|  0%| F|  |TAMS 0x000000060f800000, 0x000000060f800000| Untracked 
| 117|0x000000060fa00000, 0x000000060fa00000, 0x000000060fc00000|  0%| F|  |TAMS 0x000000060fa00000, 0x000000060fa00000| Untracked 
| 118|0x000000060fc00000, 0x000000060fc00000, 0x000000060fe00000|  0%| F|  |TAMS 0x000000060fc00000, 0x000000060fc00000| Untracked 
| 119|0x000000060fe00000, 0x000000060fe00000, 0x0000000610000000|  0%| F|  |TAMS 0x000000060fe00000, 0x000000060fe00000| Untracked 
| 120|0x0000000610000000, 0x0000000610000000, 0x0000000610200000|  0%| F|  |TAMS 0x0000000610000000, 0x0000000610000000| Untracked 
| 121|0x0000000610200000, 0x0000000610200000, 0x0000000610400000|  0%| F|  |TAMS 0x0000000610200000, 0x0000000610200000| Untracked 
| 122|0x0000000610400000, 0x0000000610400000, 0x0000000610600000|  0%| F|  |TAMS 0x0000000610400000, 0x0000000610400000| Untracked 
| 123|0x0000000610600000, 0x0000000610600000, 0x0000000610800000|  0%| F|  |TAMS 0x0000000610600000, 0x0000000610600000| Untracked 
| 124|0x0000000610800000, 0x0000000610800000, 0x0000000610a00000|  0%| F|  |TAMS 0x0000000610800000, 0x0000000610800000| Untracked 
| 125|0x0000000610a00000, 0x0000000610a00000, 0x0000000610c00000|  0%| F|  |TAMS 0x0000000610a00000, 0x0000000610a00000| Untracked 
| 126|0x0000000610c00000, 0x0000000610c00000, 0x0000000610e00000|  0%| F|  |TAMS 0x0000000610c00000, 0x0000000610c00000| Untracked 
| 127|0x0000000610e00000, 0x0000000610e00000, 0x0000000611000000|  0%| F|  |TAMS 0x0000000610e00000, 0x0000000610e00000| Untracked 
| 128|0x0000000611000000, 0x0000000611000000, 0x0000000611200000|  0%| F|  |TAMS 0x0000000611000000, 0x0000000611000000| Untracked 
| 129|0x0000000611200000, 0x0000000611200000, 0x0000000611400000|  0%| F|  |TAMS 0x0000000611200000, 0x0000000611200000| Untracked 
| 130|0x0000000611400000, 0x0000000611400000, 0x0000000611600000|  0%| F|  |TAMS 0x0000000611400000, 0x0000000611400000| Untracked 
| 131|0x0000000611600000, 0x0000000611600000, 0x0000000611800000|  0%| F|  |TAMS 0x0000000611600000, 0x0000000611600000| Untracked 
| 132|0x0000000611800000, 0x0000000611800000, 0x0000000611a00000|  0%| F|  |TAMS 0x0000000611800000, 0x0000000611800000| Untracked 
| 133|0x0000000611a00000, 0x0000000611a00000, 0x0000000611c00000|  0%| F|  |TAMS 0x0000000611a00000, 0x0000000611a00000| Untracked 
| 134|0x0000000611c00000, 0x0000000611c00000, 0x0000000611e00000|  0%| F|  |TAMS 0x0000000611c00000, 0x0000000611c00000| Untracked 
| 135|0x0000000611e00000, 0x0000000611e00000, 0x0000000612000000|  0%| F|  |TAMS 0x0000000611e00000, 0x0000000611e00000| Untracked 
| 136|0x0000000612000000, 0x0000000612000000, 0x0000000612200000|  0%| F|  |TAMS 0x0000000612000000, 0x0000000612000000| Untracked 
| 137|0x0000000612200000, 0x0000000612200000, 0x0000000612400000|  0%| F|  |TAMS 0x0000000612200000, 0x0000000612200000| Untracked 
| 138|0x0000000612400000, 0x0000000612400000, 0x0000000612600000|  0%| F|  |TAMS 0x0000000612400000, 0x0000000612400000| Untracked 
| 139|0x0000000612600000, 0x0000000612600000, 0x0000000612800000|  0%| F|  |TAMS 0x0000000612600000, 0x0000000612600000| Untracked 
| 140|0x0000000612800000, 0x0000000612800000, 0x0000000612a00000|  0%| F|  |TAMS 0x0000000612800000, 0x0000000612800000| Untracked 
| 141|0x0000000612a00000, 0x0000000612a00000, 0x0000000612c00000|  0%| F|  |TAMS 0x0000000612a00000, 0x0000000612a00000| Untracked 
| 142|0x0000000612c00000, 0x0000000612c00000, 0x0000000612e00000|  0%| F|  |TAMS 0x0000000612c00000, 0x0000000612c00000| Untracked 
| 143|0x0000000612e00000, 0x0000000612e00000, 0x0000000613000000|  0%| F|  |TAMS 0x0000000612e00000, 0x0000000612e00000| Untracked 
| 144|0x0000000613000000, 0x0000000613000000, 0x0000000613200000|  0%| F|  |TAMS 0x0000000613000000, 0x0000000613000000| Untracked 
| 145|0x0000000613200000, 0x0000000613200000, 0x0000000613400000|  0%| F|  |TAMS 0x0000000613200000, 0x0000000613200000| Untracked 
| 146|0x0000000613400000, 0x0000000613400000, 0x0000000613600000|  0%| F|  |TAMS 0x0000000613400000, 0x0000000613400000| Untracked 
| 147|0x0000000613600000, 0x0000000613600000, 0x0000000613800000|  0%| F|  |TAMS 0x0000000613600000, 0x0000000613600000| Untracked 
| 148|0x0000000613800000, 0x0000000613800000, 0x0000000613a00000|  0%| F|  |TAMS 0x0000000613800000, 0x0000000613800000| Untracked 
| 149|0x0000000613a00000, 0x0000000613a00000, 0x0000000613c00000|  0%| F|  |TAMS 0x0000000613a00000, 0x0000000613a00000| Untracked 
| 150|0x0000000613c00000, 0x0000000613c00000, 0x0000000613e00000|  0%| F|  |TAMS 0x0000000613c00000, 0x0000000613c00000| Untracked 
| 151|0x0000000613e00000, 0x0000000613e00000, 0x0000000614000000|  0%| F|  |TAMS 0x0000000613e00000, 0x0000000613e00000| Untracked 
| 152|0x0000000614000000, 0x0000000614000000, 0x0000000614200000|  0%| F|  |TAMS 0x0000000614000000, 0x0000000614000000| Untracked 
| 153|0x0000000614200000, 0x0000000614200000, 0x0000000614400000|  0%| F|  |TAMS 0x0000000614200000, 0x0000000614200000| Untracked 
| 154|0x0000000614400000, 0x0000000614400000, 0x0000000614600000|  0%| F|  |TAMS 0x0000000614400000, 0x0000000614400000| Untracked 
| 155|0x0000000614600000, 0x0000000614600000, 0x0000000614800000|  0%| F|  |TAMS 0x0000000614600000, 0x0000000614600000| Untracked 
| 156|0x0000000614800000, 0x0000000614800000, 0x0000000614a00000|  0%| F|  |TAMS 0x0000000614800000, 0x0000000614800000| Untracked 
| 157|0x0000000614a00000, 0x0000000614a00000, 0x0000000614c00000|  0%| F|  |TAMS 0x0000000614a00000, 0x0000000614a00000| Untracked 
| 158|0x0000000614c00000, 0x0000000614c00000, 0x0000000614e00000|  0%| F|  |TAMS 0x0000000614c00000, 0x0000000614c00000| Untracked 
| 159|0x0000000614e00000, 0x0000000614e00000, 0x0000000615000000|  0%| F|  |TAMS 0x0000000614e00000, 0x0000000614e00000| Untracked 
| 160|0x0000000615000000, 0x0000000615000000, 0x0000000615200000|  0%| F|  |TAMS 0x0000000615000000, 0x0000000615000000| Untracked 
| 161|0x0000000615200000, 0x0000000615200000, 0x0000000615400000|  0%| F|  |TAMS 0x0000000615200000, 0x0000000615200000| Untracked 
| 162|0x0000000615400000, 0x0000000615400000, 0x0000000615600000|  0%| F|  |TAMS 0x0000000615400000, 0x0000000615400000| Untracked 
| 163|0x0000000615600000, 0x0000000615600000, 0x0000000615800000|  0%| F|  |TAMS 0x0000000615600000, 0x0000000615600000| Untracked 
| 164|0x0000000615800000, 0x0000000615800000, 0x0000000615a00000|  0%| F|  |TAMS 0x0000000615800000, 0x0000000615800000| Untracked 
| 165|0x0000000615a00000, 0x0000000615a00000, 0x0000000615c00000|  0%| F|  |TAMS 0x0000000615a00000, 0x0000000615a00000| Untracked 
| 166|0x0000000615c00000, 0x0000000615c00000, 0x0000000615e00000|  0%| F|  |TAMS 0x0000000615c00000, 0x0000000615c00000| Untracked 
| 167|0x0000000615e00000, 0x0000000615e00000, 0x0000000616000000|  0%| F|  |TAMS 0x0000000615e00000, 0x0000000615e00000| Untracked 
| 168|0x0000000616000000, 0x0000000616000000, 0x0000000616200000|  0%| F|  |TAMS 0x0000000616000000, 0x0000000616000000| Untracked 
| 169|0x0000000616200000, 0x0000000616200000, 0x0000000616400000|  0%| F|  |TAMS 0x0000000616200000, 0x0000000616200000| Untracked 
| 170|0x0000000616400000, 0x0000000616400000, 0x0000000616600000|  0%| F|  |TAMS 0x0000000616400000, 0x0000000616400000| Untracked 
| 171|0x0000000616600000, 0x0000000616600000, 0x0000000616800000|  0%| F|  |TAMS 0x0000000616600000, 0x0000000616600000| Untracked 
| 172|0x0000000616800000, 0x0000000616800000, 0x0000000616a00000|  0%| F|  |TAMS 0x0000000616800000, 0x0000000616800000| Untracked 
| 173|0x0000000616a00000, 0x0000000616a00000, 0x0000000616c00000|  0%| F|  |TAMS 0x0000000616a00000, 0x0000000616a00000| Untracked 
| 174|0x0000000616c00000, 0x0000000616c00000, 0x0000000616e00000|  0%| F|  |TAMS 0x0000000616c00000, 0x0000000616c00000| Untracked 
| 175|0x0000000616e00000, 0x0000000616e00000, 0x0000000617000000|  0%| F|  |TAMS 0x0000000616e00000, 0x0000000616e00000| Untracked 
| 176|0x0000000617000000, 0x0000000617000000, 0x0000000617200000|  0%| F|  |TAMS 0x0000000617000000, 0x0000000617000000| Untracked 
| 177|0x0000000617200000, 0x0000000617200000, 0x0000000617400000|  0%| F|  |TAMS 0x0000000617200000, 0x0000000617200000| Untracked 
| 178|0x0000000617400000, 0x0000000617400000, 0x0000000617600000|  0%| F|  |TAMS 0x0000000617400000, 0x0000000617400000| Untracked 
| 179|0x0000000617600000, 0x0000000617600000, 0x0000000617800000|  0%| F|  |TAMS 0x0000000617600000, 0x0000000617600000| Untracked 
| 180|0x0000000617800000, 0x0000000617800000, 0x0000000617a00000|  0%| F|  |TAMS 0x0000000617800000, 0x0000000617800000| Untracked 
| 181|0x0000000617a00000, 0x0000000617a00000, 0x0000000617c00000|  0%| F|  |TAMS 0x0000000617a00000, 0x0000000617a00000| Untracked 
| 182|0x0000000617c00000, 0x0000000617c00000, 0x0000000617e00000|  0%| F|  |TAMS 0x0000000617c00000, 0x0000000617c00000| Untracked 
| 183|0x0000000617e00000, 0x0000000617e00000, 0x0000000618000000|  0%| F|  |TAMS 0x0000000617e00000, 0x0000000617e00000| Untracked 
| 184|0x0000000618000000, 0x0000000618000000, 0x0000000618200000|  0%| F|  |TAMS 0x0000000618000000, 0x0000000618000000| Untracked 
| 185|0x0000000618200000, 0x0000000618200000, 0x0000000618400000|  0%| F|  |TAMS 0x0000000618200000, 0x0000000618200000| Untracked 
| 186|0x0000000618400000, 0x0000000618400000, 0x0000000618600000|  0%| F|  |TAMS 0x0000000618400000, 0x0000000618400000| Untracked 
| 187|0x0000000618600000, 0x0000000618600000, 0x0000000618800000|  0%| F|  |TAMS 0x0000000618600000, 0x0000000618600000| Untracked 
| 188|0x0000000618800000, 0x0000000618800000, 0x0000000618a00000|  0%| F|  |TAMS 0x0000000618800000, 0x0000000618800000| Untracked 
| 189|0x0000000618a00000, 0x0000000618a00000, 0x0000000618c00000|  0%| F|  |TAMS 0x0000000618a00000, 0x0000000618a00000| Untracked 
| 190|0x0000000618c00000, 0x0000000618c00000, 0x0000000618e00000|  0%| F|  |TAMS 0x0000000618c00000, 0x0000000618c00000| Untracked 
| 191|0x0000000618e00000, 0x0000000618e00000, 0x0000000619000000|  0%| F|  |TAMS 0x0000000618e00000, 0x0000000618e00000| Untracked 
| 192|0x0000000619000000, 0x0000000619000000, 0x0000000619200000|  0%| F|  |TAMS 0x0000000619000000, 0x0000000619000000| Untracked 
| 193|0x0000000619200000, 0x0000000619200000, 0x0000000619400000|  0%| F|  |TAMS 0x0000000619200000, 0x0000000619200000| Untracked 
| 194|0x0000000619400000, 0x0000000619400000, 0x0000000619600000|  0%| F|  |TAMS 0x0000000619400000, 0x0000000619400000| Untracked 
| 195|0x0000000619600000, 0x0000000619600000, 0x0000000619800000|  0%| F|  |TAMS 0x0000000619600000, 0x0000000619600000| Untracked 
| 196|0x0000000619800000, 0x0000000619800000, 0x0000000619a00000|  0%| F|  |TAMS 0x0000000619800000, 0x0000000619800000| Untracked 
| 197|0x0000000619a00000, 0x0000000619a00000, 0x0000000619c00000|  0%| F|  |TAMS 0x0000000619a00000, 0x0000000619a00000| Untracked 
| 198|0x0000000619c00000, 0x0000000619c00000, 0x0000000619e00000|  0%| F|  |TAMS 0x0000000619c00000, 0x0000000619c00000| Untracked 
| 199|0x0000000619e00000, 0x0000000619e00000, 0x000000061a000000|  0%| F|  |TAMS 0x0000000619e00000, 0x0000000619e00000| Untracked 
| 200|0x000000061a000000, 0x000000061a000000, 0x000000061a200000|  0%| F|  |TAMS 0x000000061a000000, 0x000000061a000000| Untracked 
| 201|0x000000061a200000, 0x000000061a200000, 0x000000061a400000|  0%| F|  |TAMS 0x000000061a200000, 0x000000061a200000| Untracked 
| 202|0x000000061a400000, 0x000000061a400000, 0x000000061a600000|  0%| F|  |TAMS 0x000000061a400000, 0x000000061a400000| Untracked 
| 203|0x000000061a600000, 0x000000061a600000, 0x000000061a800000|  0%| F|  |TAMS 0x000000061a600000, 0x000000061a600000| Untracked 
| 204|0x000000061a800000, 0x000000061a800000, 0x000000061aa00000|  0%| F|  |TAMS 0x000000061a800000, 0x000000061a800000| Untracked 
| 205|0x000000061aa00000, 0x000000061aa00000, 0x000000061ac00000|  0%| F|  |TAMS 0x000000061aa00000, 0x000000061aa00000| Untracked 
| 206|0x000000061ac00000, 0x000000061ac00000, 0x000000061ae00000|  0%| F|  |TAMS 0x000000061ac00000, 0x000000061ac00000| Untracked 
| 207|0x000000061ae00000, 0x000000061ae00000, 0x000000061b000000|  0%| F|  |TAMS 0x000000061ae00000, 0x000000061ae00000| Untracked 
| 208|0x000000061b000000, 0x000000061b000000, 0x000000061b200000|  0%| F|  |TAMS 0x000000061b000000, 0x000000061b000000| Untracked 
| 209|0x000000061b200000, 0x000000061b200000, 0x000000061b400000|  0%| F|  |TAMS 0x000000061b200000, 0x000000061b200000| Untracked 
| 210|0x000000061b400000, 0x000000061b400000, 0x000000061b600000|  0%| F|  |TAMS 0x000000061b400000, 0x000000061b400000| Untracked 
| 211|0x000000061b600000, 0x000000061b600000, 0x000000061b800000|  0%| F|  |TAMS 0x000000061b600000, 0x000000061b600000| Untracked 
| 212|0x000000061b800000, 0x000000061b800000, 0x000000061ba00000|  0%| F|  |TAMS 0x000000061b800000, 0x000000061b800000| Untracked 
| 213|0x000000061ba00000, 0x000000061ba00000, 0x000000061bc00000|  0%| F|  |TAMS 0x000000061ba00000, 0x000000061ba00000| Untracked 
| 214|0x000000061bc00000, 0x000000061bc00000, 0x000000061be00000|  0%| F|  |TAMS 0x000000061bc00000, 0x000000061bc00000| Untracked 
| 215|0x000000061be00000, 0x000000061be00000, 0x000000061c000000|  0%| F|  |TAMS 0x000000061be00000, 0x000000061be00000| Untracked 
| 216|0x000000061c000000, 0x000000061c000000, 0x000000061c200000|  0%| F|  |TAMS 0x000000061c000000, 0x000000061c000000| Untracked 
| 217|0x000000061c200000, 0x000000061c200000, 0x000000061c400000|  0%| F|  |TAMS 0x000000061c200000, 0x000000061c200000| Untracked 
| 218|0x000000061c400000, 0x000000061c400000, 0x000000061c600000|  0%| F|  |TAMS 0x000000061c400000, 0x000000061c400000| Untracked 
| 219|0x000000061c600000, 0x000000061c600000, 0x000000061c800000|  0%| F|  |TAMS 0x000000061c600000, 0x000000061c600000| Untracked 
| 220|0x000000061c800000, 0x000000061c800000, 0x000000061ca00000|  0%| F|  |TAMS 0x000000061c800000, 0x000000061c800000| Untracked 
| 221|0x000000061ca00000, 0x000000061ca00000, 0x000000061cc00000|  0%| F|  |TAMS 0x000000061ca00000, 0x000000061ca00000| Untracked 
| 222|0x000000061cc00000, 0x000000061cc00000, 0x000000061ce00000|  0%| F|  |TAMS 0x000000061cc00000, 0x000000061cc00000| Untracked 
| 223|0x000000061ce00000, 0x000000061ce00000, 0x000000061d000000|  0%| F|  |TAMS 0x000000061ce00000, 0x000000061ce00000| Untracked 
| 224|0x000000061d000000, 0x000000061d000000, 0x000000061d200000|  0%| F|  |TAMS 0x000000061d000000, 0x000000061d000000| Untracked 
| 225|0x000000061d200000, 0x000000061d200000, 0x000000061d400000|  0%| F|  |TAMS 0x000000061d200000, 0x000000061d200000| Untracked 
| 226|0x000000061d400000, 0x000000061d400000, 0x000000061d600000|  0%| F|  |TAMS 0x000000061d400000, 0x000000061d400000| Untracked 
| 227|0x000000061d600000, 0x000000061d600000, 0x000000061d800000|  0%| F|  |TAMS 0x000000061d600000, 0x000000061d600000| Untracked 
| 228|0x000000061d800000, 0x000000061d800000, 0x000000061da00000|  0%| F|  |TAMS 0x000000061d800000, 0x000000061d800000| Untracked 
| 229|0x000000061da00000, 0x000000061da00000, 0x000000061dc00000|  0%| F|  |TAMS 0x000000061da00000, 0x000000061da00000| Untracked 
| 230|0x000000061dc00000, 0x000000061dc00000, 0x000000061de00000|  0%| F|  |TAMS 0x000000061dc00000, 0x000000061dc00000| Untracked 
| 231|0x000000061de00000, 0x000000061de00000, 0x000000061e000000|  0%| F|  |TAMS 0x000000061de00000, 0x000000061de00000| Untracked 
| 232|0x000000061e000000, 0x000000061e000000, 0x000000061e200000|  0%| F|  |TAMS 0x000000061e000000, 0x000000061e000000| Untracked 
| 233|0x000000061e200000, 0x000000061e200000, 0x000000061e400000|  0%| F|  |TAMS 0x000000061e200000, 0x000000061e200000| Untracked 
| 234|0x000000061e400000, 0x000000061e400000, 0x000000061e600000|  0%| F|  |TAMS 0x000000061e400000, 0x000000061e400000| Untracked 
| 235|0x000000061e600000, 0x000000061e600000, 0x000000061e800000|  0%| F|  |TAMS 0x000000061e600000, 0x000000061e600000| Untracked 
| 236|0x000000061e800000, 0x000000061e800000, 0x000000061ea00000|  0%| F|  |TAMS 0x000000061e800000, 0x000000061e800000| Untracked 
| 237|0x000000061ea00000, 0x000000061ea00000, 0x000000061ec00000|  0%| F|  |TAMS 0x000000061ea00000, 0x000000061ea00000| Untracked 
| 238|0x000000061ec00000, 0x000000061ec00000, 0x000000061ee00000|  0%| F|  |TAMS 0x000000061ec00000, 0x000000061ec00000| Untracked 
| 239|0x000000061ee00000, 0x000000061ee00000, 0x000000061f000000|  0%| F|  |TAMS 0x000000061ee00000, 0x000000061ee00000| Untracked 
| 240|0x000000061f000000, 0x000000061f000000, 0x000000061f200000|  0%| F|  |TAMS 0x000000061f000000, 0x000000061f000000| Untracked 
| 241|0x000000061f200000, 0x000000061f200000, 0x000000061f400000|  0%| F|  |TAMS 0x000000061f200000, 0x000000061f200000| Untracked 
| 242|0x000000061f400000, 0x000000061f400000, 0x000000061f600000|  0%| F|  |TAMS 0x000000061f400000, 0x000000061f400000| Untracked 
| 243|0x000000061f600000, 0x000000061f600000, 0x000000061f800000|  0%| F|  |TAMS 0x000000061f600000, 0x000000061f600000| Untracked 
| 244|0x000000061f800000, 0x000000061f972b58, 0x000000061fa00000| 72%| E|  |TAMS 0x000000061f800000, 0x000000061f800000| Complete 
| 245|0x000000061fa00000, 0x000000061fc00000, 0x000000061fc00000|100%| E|CS|TAMS 0x000000061fa00000, 0x000000061fa00000| Complete 
| 246|0x000000061fc00000, 0x000000061fe00000, 0x000000061fe00000|100%| E|CS|TAMS 0x000000061fc00000, 0x000000061fc00000| Complete 
| 247|0x000000061fe00000, 0x000000061ffff8e0, 0x0000000620000000| 99%| E|  |TAMS 0x000000061fe00000, 0x000000061fe00000| Complete 
| 248|0x0000000620000000, 0x0000000620200000, 0x0000000620200000|100%| E|CS|TAMS 0x0000000620000000, 0x0000000620000000| Complete 
| 249|0x0000000620200000, 0x0000000620400000, 0x0000000620400000|100%| E|CS|TAMS 0x0000000620200000, 0x0000000620200000| Complete 
| 250|0x0000000620400000, 0x0000000620600000, 0x0000000620600000|100%| E|CS|TAMS 0x0000000620400000, 0x0000000620400000| Complete 
| 251|0x0000000620600000, 0x0000000620800000, 0x0000000620800000|100%| E|CS|TAMS 0x0000000620600000, 0x0000000620600000| Complete 
| 252|0x0000000620800000, 0x0000000620a00000, 0x0000000620a00000|100%| E|CS|TAMS 0x0000000620800000, 0x0000000620800000| Complete 
| 253|0x0000000620a00000, 0x0000000620c00000, 0x0000000620c00000|100%| E|CS|TAMS 0x0000000620a00000, 0x0000000620a00000| Complete 
| 254|0x0000000620c00000, 0x0000000620e00000, 0x0000000620e00000|100%| E|CS|TAMS 0x0000000620c00000, 0x0000000620c00000| Complete 
| 255|0x0000000620e00000, 0x0000000621000000, 0x0000000621000000|100%| E|CS|TAMS 0x0000000620e00000, 0x0000000620e00000| Complete 

Card table byte_map: [0x0000016ecfc50000,0x0000016ed0c50000] _byte_map_base: 0x0000016eccc48000

Marking Bits (Prev, Next): (CMBitMap*) 0x0000016ebbeec348, (CMBitMap*) 0x0000016ebbeec380
 Prev Bits: [0x0000016ed1c50000, 0x0000016ed9c10000)
 Next Bits: [0x0000016ed9c10000, 0x0000016ee1bd0000)

Polling page: 0x0000016ebb630000

Metaspace:

Usage:
  Non-class:     10.30 MB capacity,    10.23 MB (>99%) used,    59.26 KB ( <1%) free+waste,    12.69 KB ( <1%) overhead. 
      Class:    974.00 KB capacity,   920.30 KB ( 94%) used,    48.27 KB (  5%) free+waste,     5.44 KB ( <1%) overhead. 
       Both:     11.25 MB capacity,    11.13 MB ( 99%) used,   107.52 KB ( <1%) free+waste,    18.12 KB ( <1%) overhead. 

Virtual space:
  Non-class space:       12.00 MB reserved,      10.50 MB ( 88%) committed 
      Class space:        1.00 GB reserved,       1.00 MB ( <1%) committed 
             Both:        1.01 GB reserved,      11.50 MB (  1%) committed 

Chunk freelists:
   Non-Class:  80.00 KB
       Class:  18.00 KB
        Both:  98.00 KB

MaxMetaspaceSize: 17179869184.00 GB
CompressedClassSpaceSize: 1.00 GB
Initial GC threshold: 20.80 MB
Current GC threshold: 20.80 MB
CDS: off

CodeHeap 'non-profiled nmethods': size=120000Kb used=411Kb max_used=411Kb free=119588Kb
 bounds [0x0000016ec71d0000, 0x0000016ec7440000, 0x0000016ece700000]
CodeHeap 'profiled nmethods': size=120000Kb used=2196Kb max_used=2196Kb free=117803Kb
 bounds [0x0000016ebfca0000, 0x0000016ebff10000, 0x0000016ec71d0000]
CodeHeap 'non-nmethods': size=5760Kb used=1631Kb max_used=1652Kb free=4128Kb
 bounds [0x0000016ebf700000, 0x0000016ebf970000, 0x0000016ebfca0000]
 total_blobs=2187 nmethods=1145 adapters=955
 compilation: enabled
              stopped_count=0, restarted_count=0
 full_count=0

Compilation events (20 events):
Event: 8.949 Thread 0x0000016ee5301000 nmethod 1136 0x0000016ebfebe390 code [0x0000016ebfebe560, 0x0000016ebfebe6e8]
Event: 8.949 Thread 0x0000016ee5301000 1137       3       com.badlogic.gdx.backends.lwjgl3.Lwjgl3GL20::glClear (5 bytes)
Event: 8.949 Thread 0x0000016ee5301000 nmethod 1137 0x0000016ebfebe810 code [0x0000016ebfebe9e0, 0x0000016ebfebeb68]
Event: 8.949 Thread 0x0000016ee5301000 1138       3       com.badlogic.gdx.graphics.g2d.SpriteBatch::setProjectionMatrix (32 bytes)
Event: 8.949 Thread 0x0000016ee5301000 nmethod 1138 0x0000016ebfebec90 code [0x0000016ebfebee80, 0x0000016ebfebf248]
Event: 8.949 Thread 0x0000016ee5301000 1139       3       com.badlogic.gdx.graphics.Camera::unproject (75 bytes)
Event: 8.949 Thread 0x0000016ee5301000 nmethod 1139 0x0000016ebfebf410 code [0x0000016ebfebf620, 0x0000016ebfebf8f8]
Event: 8.949 Thread 0x0000016ee5301000 1140       3       com.badlogic.gdx.math.Vector3::prj (149 bytes)
Event: 8.950 Thread 0x0000016ee5301000 nmethod 1140 0x0000016ebfebfa90 code [0x0000016ebfebfc80, 0x0000016ebfebff78]
Event: 8.970 Thread 0x0000016ee52fa800 nmethod 1129 0x0000016ec722e290 code [0x0000016ec722e640, 0x0000016ec72328c0]
Event: 9.063 Thread 0x0000016ee52fa800 1141       4       com.badlogic.gdx.graphics.g2d.BitmapFontCache::addToCache (259 bytes)
Event: 9.071 Thread 0x0000016ee52fa800 nmethod 1141 0x0000016ec7235690 code [0x0000016ec72358c0, 0x0000016ec7236558]
Event: 9.313 Thread 0x0000016ee5301000 1142       3       com.badlogic.gdx.graphics.Mesh::bind (63 bytes)
Event: 9.313 Thread 0x0000016ee5301000 nmethod 1142 0x0000016ebfec0110 code [0x0000016ebfec0320, 0x0000016ebfec08e8]
Event: 9.313 Thread 0x0000016ee5301000 1143       3       com.badlogic.gdx.backends.lwjgl3.Lwjgl3GL20::glDrawElements (232 bytes)
Event: 9.314 Thread 0x0000016ee5301000 nmethod 1143 0x0000016ebfec0b90 code [0x0000016ebfec1020, 0x0000016ebfec3598]
Event: 9.314 Thread 0x0000016ee5301000 1144       3       com.badlogic.gdx.graphics.Mesh::unbind (63 bytes)
Event: 9.314 Thread 0x0000016ee5301000 nmethod 1144 0x0000016ebfec4110 code [0x0000016ebfec4320, 0x0000016ebfec48e8]
Event: 9.478 Thread 0x0000016ee5301000 1145       3       java.util.concurrent.ConcurrentHashMap::sumCount (60 bytes)
Event: 9.478 Thread 0x0000016ee5301000 nmethod 1145 0x0000016ebfec4b90 code [0x0000016ebfec4d40, 0x0000016ebfec4f98]

GC Heap History (0 events):
No events

Deoptimization events (20 events):
Event: 0.217 Thread 0x0000016ebbe65000 Uncommon trap: trap_request=0xffffff76 fr.pc=0x0000016ec71eb8a0 relative=0x00000000000003e0
Event: 0.217 Thread 0x0000016ebbe65000 Uncommon trap: reason=loop_limit_check action=maybe_recompile pc=0x0000016ec71eb8a0 method=java.lang.StringLatin1.indexOf([BI[BII)I @ 37 c2
Event: 0.217 Thread 0x0000016ebbe65000 DEOPT PACKING pc=0x0000016ec71eb8a0 sp=0x00000054e27fbcf0
Event: 0.217 Thread 0x0000016ebbe65000 DEOPT UNPACKING pc=0x0000016ebf74a1af sp=0x00000054e27fbc50 mode 2
Event: 0.232 Thread 0x0000016ebbe65000 Uncommon trap: trap_request=0xffffff4d fr.pc=0x0000016ec71e0c5c relative=0x000000000000003c
Event: 0.232 Thread 0x0000016ebbe65000 Uncommon trap: reason=unstable_if action=reinterpret pc=0x0000016ec71e0c5c method=sun.nio.fs.WindowsPathParser.isSlash(C)Z @ 9 c2
Event: 0.232 Thread 0x0000016ebbe65000 DEOPT PACKING pc=0x0000016ec71e0c5c sp=0x00000054e27fbb40
Event: 0.232 Thread 0x0000016ebbe65000 DEOPT UNPACKING pc=0x0000016ebf74a1af sp=0x00000054e27fbac8 mode 2
Event: 0.382 Thread 0x0000016ebbe65000 DEOPT PACKING pc=0x0000016ebfcd5bdb sp=0x00000054e27fc7d0
Event: 0.382 Thread 0x0000016ebbe65000 DEOPT UNPACKING pc=0x0000016ebf74a95e sp=0x00000054e27fbc48 mode 0
Event: 0.669 Thread 0x0000016ebbe65000 Uncommon trap: trap_request=0xffffff4d fr.pc=0x0000016ec7210c4c relative=0x000000000000192c
Event: 0.669 Thread 0x0000016ebbe65000 Uncommon trap: reason=unstable_if action=reinterpret pc=0x0000016ec7210c4c method=java.io.WinNTFileSystem.normalize(Ljava/lang/String;)Ljava/lang/String; @ 128 c2
Event: 0.669 Thread 0x0000016ebbe65000 DEOPT PACKING pc=0x0000016ec7210c4c sp=0x00000054e27fefe0
Event: 0.669 Thread 0x0000016ebbe65000 DEOPT UNPACKING pc=0x0000016ebf74a1af sp=0x00000054e27fefc8 mode 2
Event: 1.524 Thread 0x0000016ebbe65000 DEOPT PACKING pc=0x0000016ebfe6131b sp=0x00000054e27ff0a0
Event: 1.524 Thread 0x0000016ebbe65000 DEOPT UNPACKING pc=0x0000016ebf74a95e sp=0x00000054e27fe5e8 mode 0
Event: 4.024 Thread 0x0000016ebbe65000 Uncommon trap: trap_request=0xffffff4d fr.pc=0x0000016ec7225f34 relative=0x0000000000000194
Event: 4.024 Thread 0x0000016ebbe65000 Uncommon trap: reason=unstable_if action=reinterpret pc=0x0000016ec7225f34 method=com.badlogic.gdx.utils.Array.add(Ljava/lang/Object;)V @ 11 c2
Event: 4.024 Thread 0x0000016ebbe65000 DEOPT PACKING pc=0x0000016ec7225f34 sp=0x00000054e27fcbc0
Event: 4.024 Thread 0x0000016ebbe65000 DEOPT UNPACKING pc=0x0000016ebf74a1af sp=0x00000054e27fcb80 mode 2

Classes redefined (0 events):
No events

Internal exceptions (20 events):
Event: 0.329 Thread 0x0000016ebbe65000 Exception <a 'sun/nio/fs/WindowsException'{0x000000062039abc0}> (0x000000062039abc0) thrown at [s\src\hotspot\share\prims\jni.cpp, line 617]
Event: 0.329 Thread 0x0000016ebbe65000 Exception <a 'sun/nio/fs/WindowsException'{0x000000062039af40}> (0x000000062039af40) thrown at [s\src\hotspot\share\prims\jni.cpp, line 617]
Event: 0.337 Thread 0x0000016ebbe65000 Exception <a 'java/security/PrivilegedActionException'{0x00000006203ba060}> (0x00000006203ba060) thrown at [s\src\hotspot\share\prims\jvm.cpp, line 1306]
Event: 0.337 Thread 0x0000016ebbe65000 Exception <a 'java/security/PrivilegedActionException'{0x00000006203ba5d8}> (0x00000006203ba5d8) thrown at [s\src\hotspot\share\prims\jvm.cpp, line 1306]
Event: 0.338 Thread 0x0000016ebbe65000 Exception <a 'java/security/PrivilegedActionException'{0x00000006203d0160}> (0x00000006203d0160) thrown at [s\src\hotspot\share\prims\jvm.cpp, line 1306]
Event: 0.338 Thread 0x0000016ebbe65000 Exception <a 'java/security/PrivilegedActionException'{0x00000006203d0430}> (0x00000006203d0430) thrown at [s\src\hotspot\share\prims\jvm.cpp, line 1306]
Event: 0.363 Thread 0x0000016ebbe65000 Exception <a 'java/lang/NoSuchMethodError'{0x00000006200348a0}: 'java.lang.Object java.lang.invoke.DirectMethodHandle$Holder.invokeStatic(java.lang.Object, long)'> (0x00000006200348a0) thrown at [s\src\hotspot\share\interpreter\linkResolver.cpp, line 773]
Event: 0.363 Thread 0x0000016ebbe65000 Exception <a 'java/lang/NoSuchMethodError'{0x0000000620037920}: 'java.lang.Object java.lang.invoke.DirectMethodHandle$Holder.invokeSpecial(java.lang.Object, java.lang.Object, long)'> (0x0000000620037920) thrown at [s\src\hotspot\share\interpreter\linkResolver.cpp, line 773]
Event: 0.363 Thread 0x0000016ebbe65000 Exception <a 'java/lang/NoSuchMethodError'{0x000000062003a3e0}: 'java.lang.Object java.lang.invoke.Invokers$Holder.linkToTargetMethod(long, java.lang.Object)'> (0x000000062003a3e0) thrown at [s\src\hotspot\share\interpreter\linkResolver.cpp, line 773]
Event: 0.363 Thread 0x0000016ebbe65000 Exception <a 'java/security/PrivilegedActionException'{0x0000000620042790}> (0x0000000620042790) thrown at [s\src\hotspot\share\prims\jvm.cpp, line 1306]
Event: 0.363 Thread 0x0000016ebbe65000 Exception <a 'java/security/PrivilegedActionException'{0x0000000620042a60}> (0x0000000620042a60) thrown at [s\src\hotspot\share\prims\jvm.cpp, line 1306]
Event: 0.376 Thread 0x0000016ee630d800 Exception <a 'java/security/PrivilegedActionException'{0x00000006201081c0}> (0x00000006201081c0) thrown at [s\src\hotspot\share\prims\jvm.cpp, line 1306]
Event: 0.376 Thread 0x0000016ee630d800 Exception <a 'java/security/PrivilegedActionException'{0x0000000620108490}> (0x0000000620108490) thrown at [s\src\hotspot\share\prims\jvm.cpp, line 1306]
Event: 0.583 Thread 0x0000016ebbe65000 Exception <a 'sun/nio/fs/WindowsException'{0x000000061fe77a10}> (0x000000061fe77a10) thrown at [s\src\hotspot\share\prims\jni.cpp, line 617]
Event: 0.583 Thread 0x0000016ebbe65000 Exception <a 'sun/nio/fs/WindowsException'{0x000000061fe77db0}> (0x000000061fe77db0) thrown at [s\src\hotspot\share\prims\jni.cpp, line 617]
Event: 0.587 Thread 0x0000016ebbe65000 Exception <a 'sun/nio/fs/WindowsException'{0x000000061fea4bb8}> (0x000000061fea4bb8) thrown at [s\src\hotspot\share\prims\jni.cpp, line 617]
Event: 0.587 Thread 0x0000016ebbe65000 Exception <a 'sun/nio/fs/WindowsException'{0x000000061fea4e88}> (0x000000061fea4e88) thrown at [s\src\hotspot\share\prims\jni.cpp, line 617]
Event: 0.869 Thread 0x0000016ebbe65000 Exception <a 'java/security/PrivilegedActionException'{0x000000061f828378}> (0x000000061f828378) thrown at [s\src\hotspot\share\prims\jvm.cpp, line 1306]
Event: 0.869 Thread 0x0000016ebbe65000 Exception <a 'java/security/PrivilegedActionException'{0x000000061f8288f0}> (0x000000061f8288f0) thrown at [s\src\hotspot\share\prims\jvm.cpp, line 1306]
Event: 9.478 Thread 0x0000016ee6e4d800 Exception <a 'java/lang/InterruptedException'{0x000000061fdad9f8}: sleep interrupted> (0x000000061fdad9f8) thrown at [s\src\hotspot\share\prims\jvm.cpp, line 3128]

Events (20 events):
Event: 0.940 Loaded shared library C:\Program Files\OpenLogic\jre-11.0.22.7-hotspot\bin\java.dll
Event: 1.226 Loaded shared library C:\Program Files\OpenLogic\jre-11.0.22.7-hotspot\bin\java.dll
Event: 1.775 Loaded shared library C:\Program Files\OpenLogic\jre-11.0.22.7-hotspot\bin\java.dll
Event: 2.908 Loaded shared library C:\Users\andre\AppData\Local\Temp\lwjgl_andre\3.3.3+5\x64\lwjgl.dll
Event: 5.260 Loaded shared library C:\Users\andre\AppData\Local\Temp\lwjgl_andre\3.3.3+5\x64\lwjgl_opengl.dll
Event: 5.262 Loaded shared library C:\Users\andre\AppData\Local\Temp\lwjgl_andre\3.3.3+5\x64\lwjgl_opengl.dll
Event: 5.263 Loaded shared library C:\Users\andre\AppData\Local\Temp\lwjgl_andre\3.3.3+5\x64\lwjgl_opengl.dll
Event: 6.610 Loaded shared library C:\Users\andre\AppData\Local\Temp\lwjgl_andre\3.3.3+5\x64\lwjgl_opengl.dll
Event: 6.612 Loaded shared library C:\Users\andre\AppData\Local\Temp\lwjgl_andre\3.3.3+5\x64\lwjgl_opengl.dll
Event: 6.659 Loaded shared library C:\Users\andre\AppData\Local\Temp\lwjgl_andre\3.3.3+5\x64\lwjgl.dll
Event: 7.743 Loaded shared library C:\Users\andre\AppData\Local\Temp\lwjgl_andre\3.3.3+5\x64\lwjgl_opengl.dll
Event: 7.938 loading class com/badlogic/gdx/backends/lwjgl3/Lwjgl3Window$4$1
Event: 7.938 loading class com/badlogic/gdx/backends/lwjgl3/Lwjgl3Window$4$1 done
Event: 8.913 Loaded shared library C:\Users\andre\AppData\Local\Temp\libgdxandre\2a9d7f76\gdx64.dll
Event: 8.915 Loaded shared library C:\Users\andre\AppData\Local\Temp\lwjgl_andre\3.3.3+5\x64\lwjgl_opengl.dll
Event: 8.917 Loaded shared library C:\Users\andre\AppData\Local\Temp\lwjgl_andre\3.3.3+5\x64\lwjgl_opengl.dll
Event: 8.918 Loaded shared library C:\Users\andre\AppData\Local\Temp\lwjgl_andre\3.3.3+5\x64\lwjgl.dll
Event: 9.478 Executing VM operation: RevokeBias
Event: 9.478 Executing VM operation: RevokeBias done
Event: 9.478 Thread 0x0000016ee6e4d800 Thread exited: 0x0000016ee6e4d800


Dynamic libraries:
0x00007ff7a3fa0000 - 0x00007ff7a3fae000 	C:\Program Files\OpenLogic\jre-11.0.22.7-hotspot\bin\javaw.exe
0x00007fff21b30000 - 0x00007fff21d28000 	C:\Windows\SYSTEM32\ntdll.dll
0x00007fff1fc90000 - 0x00007fff1fd4d000 	C:\Windows\System32\KERNEL32.DLL
0x00007fff1f690000 - 0x00007fff1f986000 	C:\Windows\System32\KERNELBASE.dll
0x00007fff1f990000 - 0x00007fff1fa90000 	C:\Windows\System32\ucrtbase.dll
0x00007fff02780000 - 0x00007fff0279b000 	C:\Program Files\OpenLogic\jre-11.0.22.7-hotspot\bin\VCRUNTIME140.dll
0x00007fff026c0000 - 0x00007fff026d7000 	C:\Program Files\OpenLogic\jre-11.0.22.7-hotspot\bin\jli.dll
0x00007fff20cc0000 - 0x00007fff20e5e000 	C:\Windows\System32\USER32.dll
0x00007fff1f310000 - 0x00007fff1f332000 	C:\Windows\System32\win32u.dll
0x00007fff093b0000 - 0x00007fff0964a000 	C:\Windows\WinSxS\amd64_microsoft.windows.common-controls_6595b64144ccf1df_6.0.19041.3636_none_60b6a03d71f818d5\COMCTL32.dll
0x00007fff20280000 - 0x00007fff202ab000 	C:\Windows\System32\GDI32.dll
0x00007fff1f1f0000 - 0x00007fff1f307000 	C:\Windows\System32\gdi32full.dll
0x00007fff1f340000 - 0x00007fff1f3dd000 	C:\Windows\System32\msvcp_win.dll
0x00007fff20e60000 - 0x00007fff20efe000 	C:\Windows\System32\msvcrt.dll
0x00007fff20240000 - 0x00007fff20272000 	C:\Windows\System32\IMM32.DLL
0x00007fff0b880000 - 0x00007fff0b88c000 	C:\Program Files\OpenLogic\jre-11.0.22.7-hotspot\bin\vcruntime140_1.dll
0x00007ffef6aa0000 - 0x00007ffef6b2d000 	C:\Program Files\OpenLogic\jre-11.0.22.7-hotspot\bin\msvcp140.dll
0x00007ffec12a0000 - 0x00007ffec1ded000 	C:\Program Files\OpenLogic\jre-11.0.22.7-hotspot\bin\server\jvm.dll
0x00007fff1fbd0000 - 0x00007fff1fc83000 	C:\Windows\System32\ADVAPI32.dll
0x00007fff1fdd0000 - 0x00007fff1fe6f000 	C:\Windows\System32\sechost.dll
0x00007fff1ff60000 - 0x00007fff20086000 	C:\Windows\System32\RPCRT4.dll
0x00007fff1fa90000 - 0x00007fff1fab7000 	C:\Windows\System32\bcrypt.dll
0x00007fff20be0000 - 0x00007fff20be8000 	C:\Windows\System32\PSAPI.DLL
0x00007fff1ada0000 - 0x00007fff1ada9000 	C:\Windows\SYSTEM32\WSOCK32.dll
0x00007fff193d0000 - 0x00007fff193da000 	C:\Windows\SYSTEM32\VERSION.dll
0x00007fff143d0000 - 0x00007fff143f7000 	C:\Windows\SYSTEM32\WINMM.dll
0x00007fff21020000 - 0x00007fff2108b000 	C:\Windows\System32\WS2_32.dll
0x00007fff1d0c0000 - 0x00007fff1d0d2000 	C:\Windows\SYSTEM32\kernel.appcore.dll
0x00007fff02360000 - 0x00007fff02370000 	C:\Program Files\OpenLogic\jre-11.0.22.7-hotspot\bin\verify.dll
0x00007fff139d0000 - 0x00007fff13bb4000 	C:\Windows\SYSTEM32\DBGHELP.DLL
0x00007fff00ec0000 - 0x00007fff00ef4000 	C:\Windows\SYSTEM32\dbgcore.DLL
0x00007fff1f600000 - 0x00007fff1f682000 	C:\Windows\System32\bcryptPrimitives.dll
0x00007fff02330000 - 0x00007fff02358000 	C:\Program Files\OpenLogic\jre-11.0.22.7-hotspot\bin\java.dll
0x00007fff02320000 - 0x00007fff0232a000 	C:\Program Files\OpenLogic\jre-11.0.22.7-hotspot\bin\jimage.dll
0x00007fff00800000 - 0x00007fff00818000 	C:\Program Files\OpenLogic\jre-11.0.22.7-hotspot\bin\zip.dll
0x00007fff202b0000 - 0x00007fff209f5000 	C:\Windows\System32\SHELL32.dll
0x00007fff1d2c0000 - 0x00007fff1da5c000 	C:\Windows\SYSTEM32\windows.storage.dll
0x00007fff216f0000 - 0x00007fff21a44000 	C:\Windows\System32\combase.dll
0x00007fff1ec20000 - 0x00007fff1ec4e000 	C:\Windows\SYSTEM32\Wldp.dll
0x00007fff1fe90000 - 0x00007fff1ff5d000 	C:\Windows\System32\OLEAUT32.dll
0x00007fff21640000 - 0x00007fff216ed000 	C:\Windows\System32\SHCORE.dll
0x00007fff21170000 - 0x00007fff211c5000 	C:\Windows\System32\shlwapi.dll
0x00007fff1f120000 - 0x00007fff1f145000 	C:\Windows\SYSTEM32\profapi.dll
0x00007fff007b0000 - 0x00007fff007c9000 	C:\Program Files\OpenLogic\jre-11.0.22.7-hotspot\bin\net.dll
0x00007fff17c70000 - 0x00007fff17d7a000 	C:\Windows\SYSTEM32\WINHTTP.dll
0x00007fff1e980000 - 0x00007fff1e9ea000 	C:\Windows\system32\mswsock.dll
0x00007ffeffe30000 - 0x00007ffeffe42000 	C:\Program Files\OpenLogic\jre-11.0.22.7-hotspot\bin\nio.dll
0x000000006e700000 - 0x000000006e72d000 	C:\Users\andre\AppData\Local\Temp\libgdxandre\2a9d7f76\gdx64.dll
0x00007ffef7990000 - 0x00007ffef7a0b000 	C:\Users\andre\AppData\Local\Temp\lwjgl_andre\3.3.3+5\x64\lwjgl.dll
0x00007ffeea800000 - 0x00007ffeeaa70000 	C:\Users\andre\AppData\Local\Temp\lwjgl_andre\3.3.3+5\x64\jemalloc.dll
0x00007ffef1cb0000 - 0x00007ffef1d32000 	C:\Users\andre\AppData\Local\Temp\lwjgl_andre\3.3.3+5\x64\glfw.dll
0x00007ffefb4c0000 - 0x00007ffefb505000 	C:\Windows\SYSTEM32\dinput8.dll
0x00007ffef2130000 - 0x00007ffef2141000 	C:\Windows\SYSTEM32\xinput1_4.dll
0x00007fff1f5b0000 - 0x00007fff1f5fe000 	C:\Windows\System32\cfgmgr32.dll
0x00007fff1ef80000 - 0x00007fff1efb3000 	C:\Windows\SYSTEM32\DEVOBJ.dll
0x00007fff1cfb0000 - 0x00007fff1cfdf000 	C:\Windows\SYSTEM32\dwmapi.dll
0x00007ffefca60000 - 0x00007ffefcbb2000 	C:\Windows\SYSTEM32\inputhost.dll
0x00007fff1bcd0000 - 0x00007fff1be25000 	C:\Windows\SYSTEM32\wintypes.dll
0x00007fff1c730000 - 0x00007fff1c822000 	C:\Windows\SYSTEM32\CoreMessaging.dll
0x00007fff1abc0000 - 0x00007fff1acb6000 	C:\Windows\SYSTEM32\PROPSYS.dll
0x00007fff1c3d0000 - 0x00007fff1c72b000 	C:\Windows\SYSTEM32\CoreUIComponents.dll
0x00007fff1e380000 - 0x00007fff1e3b3000 	C:\Windows\SYSTEM32\ntmarta.dll
0x00007fff1cbf0000 - 0x00007fff1cc8e000 	C:\Windows\system32\uxtheme.dll
0x00007fff20f00000 - 0x00007fff21014000 	C:\Windows\System32\MSCTF.dll
0x00007ffeea5a0000 - 0x00007ffeea767000 	C:\Users\andre\AppData\Local\Temp\lwjgl_andre\3.3.3+5\x64\OpenAL.dll
0x00007fff20a00000 - 0x00007fff20b2b000 	C:\Windows\System32\ole32.dll
0x00007fff20b30000 - 0x00007fff20bd9000 	C:\Windows\System32\clbcatq.dll
0x00007fff19120000 - 0x00007fff191a5000 	C:\Windows\System32\MMDevApi.dll
0x00007fff19220000 - 0x00007fff193a2000 	C:\Windows\SYSTEM32\AUDIOSES.DLL
0x00007fff1e790000 - 0x00007fff1e7db000 	C:\Windows\SYSTEM32\powrprof.dll
0x00007fff1e600000 - 0x00007fff1e612000 	C:\Windows\SYSTEM32\UMPDC.dll
0x00007fff1ccc0000 - 0x00007fff1ccd4000 	C:\Windows\SYSTEM32\resourcepolicyclient.dll
0x00007ffeeb8c0000 - 0x00007ffeeb9e5000 	C:\Windows\SYSTEM32\opengl32.dll
0x00007ffeff750000 - 0x00007ffeff77c000 	C:\Windows\SYSTEM32\GLU32.dll
0x00007fff19490000 - 0x00007fff19592000 	C:\Windows\System32\AppXDeploymentClient.dll
0x00007ffeb6bf0000 - 0x00007ffeb97e0000 	C:\Windows\System32\DriverStore\FileRepository\nvmdi.inf_amd64_deccd244f0fe0326\nvoglv64.dll
0x00007fff211d0000 - 0x00007fff2163e000 	C:\Windows\System32\SETUPAPI.dll
0x00007fff1aec0000 - 0x00007fff1aed4000 	C:\Windows\SYSTEM32\WTSAPI32.dll
0x00007fff1edb0000 - 0x00007fff1edc2000 	C:\Windows\SYSTEM32\msasn1.dll
0x00007fff17730000 - 0x00007fff17761000 	C:\Windows\SYSTEM32\cryptnet.dll
0x00007fff1f3e0000 - 0x00007fff1f53d000 	C:\Windows\System32\CRYPT32.dll
0x00007fff175e0000 - 0x00007fff17728000 	C:\Windows\SYSTEM32\drvstore.dll
0x00007fff1eb90000 - 0x00007fff1eb9c000 	C:\Windows\SYSTEM32\cryptbase.dll
0x00007fff1f540000 - 0x00007fff1f5a7000 	C:\Windows\System32\wintrust.dll
0x00007fff1fe70000 - 0x00007fff1fe8d000 	C:\Windows\System32\imagehlp.dll
0x00007fff1eb70000 - 0x00007fff1eb88000 	C:\Windows\SYSTEM32\CRYPTSP.dll
0x00007fff1e1e0000 - 0x00007fff1e214000 	C:\Windows\system32\rsaenh.dll
0x00007fff1da70000 - 0x00007fff1da93000 	C:\Windows\SYSTEM32\gpapi.dll
0x00007fff0ebe0000 - 0x00007fff10dce000 	C:\Windows\System32\DriverStore\FileRepository\nvmdi.inf_amd64_deccd244f0fe0326\nvgpucomp64.dll
0x00007fff14ff0000 - 0x00007fff1502b000 	C:\Windows\SYSTEM32\dxcore.dll
0x00007ffee9680000 - 0x00007ffee9951000 	C:\Windows\system32\nvspcap64.dll
0x00007fff1e300000 - 0x00007fff1e35b000 	C:\Windows\SYSTEM32\WINSTA.dll
0x00007ffef3490000 - 0x00007ffef34ee000 	C:\Users\andre\AppData\Local\Temp\lwjgl_andre\3.3.3+5\x64\lwjgl_opengl.dll
0x00007fff097c0000 - 0x00007fff098b9000 	C:\Windows\SYSTEM32\textinputframework.dll
0x00007fff16e80000 - 0x00007fff16f2e000 	C:\Windows\SYSTEM32\mscms.dll
0x00007fff1f0a0000 - 0x00007fff1f0ce000 	C:\Windows\SYSTEM32\USERENV.dll
0x00007fff16e60000 - 0x00007fff16e71000 	C:\Windows\SYSTEM32\ColorAdapterClient.dll
0x00007ffef8fd0000 - 0x00007ffef9013000 	C:\Windows\SYSTEM32\icm32.dll

dbghelp: loaded successfully - version: 4.0.5 - missing functions: none
symbol engine: initialized successfully - sym options: 0x614 - pdb path: .;C:\Program Files\OpenLogic\jre-11.0.22.7-hotspot\bin;C:\Windows\SYSTEM32;C:\Windows\WinSxS\amd64_microsoft.windows.common-controls_6595b64144ccf1df_6.0.19041.3636_none_60b6a03d71f818d5;C:\Program Files\OpenLogic\jre-11.0.22.7-hotspot\bin\server;C:\Users\andre\AppData\Local\Temp\libgdxandre\2a9d7f76;C:\Users\andre\AppData\Local\Temp\lwjgl_andre\3.3.3+5\x64;C:\Windows\System32\DriverStore\FileRepository\nvmdi.inf_amd64_deccd244f0fe0326

VM Arguments:
jvm_args: -Dfile.encoding=UTF-8 -Dstdout.encoding=UTF-8 -Dstderr.encoding=UTF-8 
java_command: com.heslington_hustle.game.DesktopLauncher
java_class_path (initial): C:\Users\andre\git\ENG1-Cohort-1-Group-8\libGDX\desktop\bin\main;\Heslington Hustle-desktop\bin\default;\Heslington Hustle-core\bin\default;C:\Users\andre\git\ENG1-Cohort-1-Group-8\libGDX\core\bin\main;C:\Users\andre\.gradle\caches\modules-2\files-2.1\com.badlogicgames.gdx\gdx-backend-lwjgl3\1.12.1\12a144cacb34f0392cd8354f798d99e4836a51a8\gdx-backend-lwjgl3-1.12.1.jar;C:\Users\andre\.gradle\caches\modules-2\files-2.1\com.badlogicgames.gdx\gdx-platform\1.12.1\5737be5ce3a4e8f9f77c2d9ab95ab479f9c3705f\gdx-platform-1.12.1-natives-desktop.jar;C:\Users\andre\.gradle\caches\modules-2\files-2.1\com.badlogicgames.gdx\gdx-box2d-platform\1.12.1\4e82228fcdd2e8a7673fe7952588acfdb33d7820\gdx-box2d-platform-1.12.1-natives-desktop.jar;C:\Users\andre\.gradle\caches\modules-2\files-2.1\com.badlogicgames.gdx-controllers\gdx-controllers-desktop\2.2.1\cb3430c32468a090eca54d494d16bb3764ceff9b\gdx-controllers-desktop-2.2.1.jar;C:\Users\andre\.gradle\caches\modules-2\files-2.1\com.badlogicgames.gdx\gdx-ai\1.8.2\ab75d2ce80ab1b1ce6828a15dc0f417abac4c674\gdx-ai-1.8.2.jar;C:\Users\andre\.gradle\caches\modules-2\files-2.1\com.badlogicgames.gdx\gdx-box2d\1.12.1\6c37ed04f97d062f1bdc4afe1f583182e539a269\gdx-box2d-1.12.1.jar;C:\Users\andre\.gradle\caches\modules-2\files-2.1\com.badlogicgames.gdx\gdx\1.12.1\a2d066c09329c457045c284c42d6f37122840aa\gdx-1.12.1.jar;C:\Users\andre\.gradle\caches\modules-2\files-2.1\org.lwjgl\lwjgl-glfw\3.3.3\efa1eb78c5ccd840e9f329717109b5e892d72f8e\lwjgl-glfw-3.3.3.jar;C:\Users\andre\.gradle\caches\modules-2\files-2.1\org.lwjgl\lwjgl-glfw\3.3.3\a03684c5e4b1b1dbbe0d29dbbdc27b985b6840f2\lwjgl-glfw-3.3.3-natives-linux.jar;C:\Users\andre\.gradle\caches\modules-2\files-2.1\org.lwjgl\lwjgl-glfw\3.3.3\d9af485c32545b37dd5359b163161d42d7534dcf\lwjgl-glfw-3.3.3-natives-linux-arm32.jar;C:\Users\andre\.gradle\caches\modules-2\files-2.1\org.lwjgl\lwjgl-glfw\3.3.3\492a0f11f85b85899a6568f07511160c1b87cd38\lwjgl-glfw-3.3.3-natives-linux-arm64.jar;C:\Users\an
Launcher Type: SUN_STANDARD

[Global flags]
     intx CICompilerCount                          = 4                                         {product} {ergonomic}
     uint ConcGCThreads                            = 3                                         {product} {ergonomic}
     uint G1ConcRefinementThreads                  = 10                                        {product} {ergonomic}
   size_t G1HeapRegionSize                         = 2097152                                   {product} {ergonomic}
    uintx GCDrainStackTargetSize                   = 64                                        {product} {ergonomic}
   size_t InitialHeapSize                          = 536870912                                 {product} {ergonomic}
   size_t MarkStackSize                            = 4194304                                   {product} {ergonomic}
   size_t MaxHeapSize                              = 8573157376                                {product} {ergonomic}
   size_t MaxNewSize                               = 5142216704                                {product} {ergonomic}
   size_t MinHeapDeltaBytes                        = 2097152                                   {product} {ergonomic}
    uintx NonNMethodCodeHeapSize                   = 5836300                                {pd product} {ergonomic}
    uintx NonProfiledCodeHeapSize                  = 122910970                              {pd product} {ergonomic}
    uintx ProfiledCodeHeapSize                     = 122910970                              {pd product} {ergonomic}
    uintx ReservedCodeCacheSize                    = 251658240                              {pd product} {ergonomic}
     bool SegmentedCodeCache                       = true                                      {product} {ergonomic}
     bool UseCompressedClassPointers               = true                                 {lp64_product} {ergonomic}
     bool UseCompressedOops                        = true                                 {lp64_product} {ergonomic}
     bool UseG1GC                                  = true                                      {product} {ergonomic}
     bool UseLargePagesIndividualAllocation        = false                                  {pd product} {ergonomic}

Logging:
Log output configuration:
 #0: stdout all=warning uptime,level,tags
 #1: stderr all=off uptime,level,tags

Environment Variables:
PATH=C:/Users/andre/.p2/pool/plugins/org.eclipse.justj.openjdk.hotspot.jre.full.win32.x86_64_17.0.10.v20240120-1143/jre/bin/server;C:/Users/andre/.p2/pool/plugins/org.eclipse.justj.openjdk.hotspot.jre.full.win32.x86_64_17.0.10.v20240120-1143/jre/bin;C:\Program Files\OpenLogic\jre-11.0.22.7-hotspot\bin;C:\Program Files (x86)\Common Files\Oracle\Java\javapath;C:\Program Files\OpenLogic\jdk-11.0.22.7-hotspot\bin;C:\Windows\system32;C:\Windows;C:\Windows\System32\Wbem;C:\Windows\System32\WindowsPowerShell\v1.0\;C:\Windows\System32\OpenSSH\;C:\Program Files (x86)\NVIDIA Corporation\PhysX\Common;C:\Program Files\NVIDIA Corporation\NVIDIA NvDLISR;C:\Program Files\dotnet\;C:\Users\andre\AppData\Local\Microsoft\WindowsApps;C:\Users\andre\.dotnet\tools;C:\Users\andre\AppData\Local\Programs\Microsoft VS Code\bin;C:\MinGW\bin;C:\Users\andre\AppData\Local\GitHubDesktop\bin;C:\Users\andre\eclipse\java-2023-12\eclipse;
USERNAME=andre
OS=Windows_NT
PROCESSOR_IDENTIFIER=AMD64 Family 23 Model 113 Stepping 0, AuthenticAMD
TMP=C:\Users\andre\AppData\Local\Temp
TEMP=C:\Users\andre\AppData\Local\Temp



---------------  S Y S T E M  ---------------

OS: Windows 10 , 64 bit Build 19041 (10.0.19041.3636)
OS uptime: 3 days 12:35 hours

CPU:total 12 (initial active 12) (12 cores per cpu, 2 threads per core) family 23 model 113 stepping 0 microcode 0x0, cmov, cx8, fxsr, mmx, sse, sse2, sse3, ssse3, sse4.1, sse4.2, popcnt, avx, avx2, aes, clmul, mmxext, 3dnowpref, lzcnt, sse4a, ht, tsc, tscinvbit, tscinv, bmi1, bmi2, adx, sha, fma

Memory: 4k page, system-wide physical 32699M (16710M free)
TotalPageFile size 37563M (AvailPageFile size 10873M)
current process WorkingSet (physical memory assigned to process): 154M, peak: 160M
current process commit charge ("private bytes"): 743M, peak: 759M

vm_info: OpenJDK 64-Bit Server VM (11.0.22+7-adhoc..jdk11u) for windows-amd64 JRE (11.0.22+7-adhoc..jdk11u), built on Jan 24 2024 04:51:39 by "" with MS VC++ 16.10 / 16.11 (VS2019)

END.
